<?xml version="1.0" encoding="UTF-8"?>
<!-- Generated by org.testng.reporters.JUnitReportReporter -->
<testsuite hostname="DESKTOP-U87CH3Q" name="GitTest.FirstGitTest" tests="1" failures="0" timestamp="9 Jan 2020 11:29:23 GMT" time="60.786" errors="0">
  <testcase name="loginTest" time="60.786" classname="GitTest.FirstGitTest"/>
</testsuite> <!-- GitTest.FirstGitTest -->
